
 ==2013-03-26 13:24:38 ===the properties file charitra_settings.properties does not exists pls specify the file in C:\Users\I074560Warning Level: ==Crtical===
===================================================================================
**==Settings File Not found  == Exception Level===  CRITICAL===Date: 2013-03-26 13:24:38=== Message: == C:\Users\I074560\charitra_settings.properties (The system cannot find the file specified)===
** Stacktrace: 
java.io.FileInputStream.open(Native Method)
java.io.FileInputStream.<init>(FileInputStream.java:106)
java.io.FileInputStream.<init>(FileInputStream.java:66)
charitra.Settings.loadSettingsFromFile(Settings.java:87)
charitra.Settings.populateProperties(Settings.java:140)
charitra.Settings.getCDN_HOST(Settings.java:223)
filters.LocalPathToCDNPathFilter.init(LocalPathToCDNPathFilter.java:62)
org.apache.catalina.core.ApplicationFilterConfig.initFilter(ApplicationFilterConfig.java:277)
org.apache.catalina.core.ApplicationFilterConfig.getFilter(ApplicationFilterConfig.java:258)
org.apache.catalina.core.ApplicationFilterConfig.setFilterDef(ApplicationFilterConfig.java:382)
org.apache.catalina.core.ApplicationFilterConfig.<init>(ApplicationFilterConfig.java:103)
org.apache.catalina.core.StandardContext.filterStart(StandardContext.java:4650)
org.apache.catalina.core.StandardContext.startInternal(StandardContext.java:5306)
org.apache.catalina.util.LifecycleBase.start(LifecycleBase.java:150)
org.apache.catalina.core.ContainerBase.addChildInternal(ContainerBase.java:901)
org.apache.catalina.core.ContainerBase.addChild(ContainerBase.java:877)
org.apache.catalina.core.StandardHost.addChild(StandardHost.java:618)
org.apache.catalina.startup.HostConfig.deployWAR(HostConfig.java:963)
org.apache.catalina.startup.HostConfig$DeployWar.run(HostConfig.java:1600)
java.util.concurrent.Executors$RunnableAdapter.call(Executors.java:441)
java.util.concurrent.FutureTask$Sync.innerRun(FutureTask.java:303)
java.util.concurrent.FutureTask.run(FutureTask.java:138)
java.util.concurrent.ThreadPoolExecutor$Worker.runTask(ThreadPoolExecutor.java:885)
java.util.concurrent.ThreadPoolExecutor$Worker.run(ThreadPoolExecutor.java:907)
java.lang.Thread.run(Thread.java:619)
===================================================================================

 ==2013-03-26 13:24:38 ===Reloading settings on 1364284478471Warning Level: ==INFORMATION===

 ==2013-03-26 13:24:57 ===SQL ERR in constructor for schemaCHARITRA_ROWarning Level: ==Critical===
===================================================================================
**==Exception in DbConnector for constructor  == Exception Level===  Critical===Date: 2013-03-26 13:24:57=== Message: == null===
** Stacktrace: 
dbLayer.DbConnector.<init>(DbConnector.java:54)
models.Country.getCountriesWithLocation(Country.java:25)
renderLayer.SidebarLocations.<init>(SidebarLocations.java:21)
sun.reflect.NativeConstructorAccessorImpl.newInstance0(Native Method)
sun.reflect.NativeConstructorAccessorImpl.newInstance(NativeConstructorAccessorImpl.java:39)
sun.reflect.DelegatingConstructorAccessorImpl.newInstance(DelegatingConstructorAccessorImpl.java:27)
java.lang.reflect.Constructor.newInstance(Constructor.java:513)
java.lang.Class.newInstance0(Class.java:355)
java.lang.Class.newInstance(Class.java:308)
java.beans.Beans.instantiate(Beans.java:204)
java.beans.Beans.instantiate(Beans.java:48)
com.sun.faces.config.ManagedBeanFactory.newInstance(ManagedBeanFactory.java:223)
com.sun.faces.application.ApplicationAssociate.createAndMaybeStoreManagedBeans(ApplicationAssociate.java:282)
com.sun.faces.el.VariableResolverImpl.resolveVariable(VariableResolverImpl.java:97)
com.sun.faces.el.impl.NamedValue.evaluate(NamedValue.java:145)
com.sun.faces.el.impl.ComplexValue.evaluate(ComplexValue.java:166)
com.sun.faces.el.impl.ExpressionEvaluatorImpl.evaluate(ExpressionEvaluatorImpl.java:263)
com.sun.faces.el.ValueBindingImpl.getValue(ValueBindingImpl.java:160)
com.sun.faces.el.ValueBindingImpl.getValue(ValueBindingImpl.java:143)
javax.faces.component.UISelectItems.getValue(UISelectItems.java:130)
org.apache.myfaces.shared_tomahawk.util.SelectItemsIterator.hasNext(SelectItemsIterator.java:105)
org.apache.myfaces.shared_tomahawk.renderkit.RendererUtils.internalGetSelectItemList(RendererUtils.java:450)
org.apache.myfaces.shared_tomahawk.renderkit.RendererUtils.getSelectItemList(RendererUtils.java:428)
org.apache.myfaces.shared_tomahawk.renderkit.html.HtmlRendererUtils.internalRenderSelect(HtmlRendererUtils.java:294)
org.apache.myfaces.shared_tomahawk.renderkit.html.HtmlRendererUtils.renderMenu(HtmlRendererUtils.java:267)
org.apache.myfaces.shared_tomahawk.renderkit.html.HtmlMenuRendererBase.encodeEnd(HtmlMenuRendererBase.java:59)
org.apache.myfaces.renderkit.html.ext.HtmlMenuRenderer.encodeEnd(HtmlMenuRenderer.java:60)
javax.faces.component.UIComponentBase.encodeEnd(UIComponentBase.java:740)
javax.faces.webapp.UIComponentTag.encodeEnd(UIComponentTag.java:645)
javax.faces.webapp.UIComponentTag.doEndTag(UIComponentTag.java:568)
org.apache.jsp.welcome_jsp._jspx_meth_t_005fselectOneMenu_005f0(welcome_jsp.java:2499)
org.apache.jsp.welcome_jsp._jspx_meth_t_005fdiv_005f13(welcome_jsp.java:2465)
org.apache.jsp.welcome_jsp._jspx_meth_h_005fform_005f0(welcome_jsp.java:2431)
org.apache.jsp.welcome_jsp._jspx_meth_t_005fdiv_005f12(welcome_jsp.java:2401)
org.apache.jsp.welcome_jsp._jspx_meth_t_005fdiv_005f10(welcome_jsp.java:2324)
org.apache.jsp.welcome_jsp._jspx_meth_t_005fdiv_005f9(welcome_jsp.java:2281)
org.apache.jsp.welcome_jsp._jspx_meth_t_005fdiv_005f8(welcome_jsp.java:2249)
org.apache.jsp.welcome_jsp._jspService(welcome_jsp.java:507)
org.apache.jasper.runtime.HttpJspBase.service(HttpJspBase.java:70)
javax.servlet.http.HttpServlet.service(HttpServlet.java:722)
org.apache.jasper.servlet.JspServletWrapper.service(JspServletWrapper.java:432)
org.apache.jasper.servlet.JspServlet.serviceJspFile(JspServlet.java:390)
org.apache.jasper.servlet.JspServlet.service(JspServlet.java:334)
javax.servlet.http.HttpServlet.service(HttpServlet.java:722)
org.apache.catalina.core.ApplicationFilterChain.internalDoFilter(ApplicationFilterChain.java:305)
org.apache.catalina.core.ApplicationFilterChain.doFilter(ApplicationFilterChain.java:210)
org.apache.catalina.core.ApplicationDispatcher.invoke(ApplicationDispatcher.java:749)
org.apache.catalina.core.ApplicationDispatcher.processRequest(ApplicationDispatcher.java:487)
org.apache.catalina.core.ApplicationDispatcher.doForward(ApplicationDispatcher.java:412)
org.apache.catalina.core.ApplicationDispatcher.forward(ApplicationDispatcher.java:339)
com.sun.faces.context.ExternalContextImpl.dispatch(ExternalContextImpl.java:346)
com.sun.faces.application.ViewHandlerImpl.renderView(ViewHandlerImpl.java:152)
com.sun.faces.lifecycle.RenderResponsePhase.execute(RenderResponsePhase.java:107)
com.sun.faces.lifecycle.LifecycleImpl.phase(LifecycleImpl.java:245)
com.sun.faces.lifecycle.LifecycleImpl.render(LifecycleImpl.java:137)
javax.faces.webapp.FacesServlet.service(FacesServlet.java:214)
org.apache.catalina.core.ApplicationFilterChain.internalDoFilter(ApplicationFilterChain.java:305)
org.apache.catalina.core.ApplicationFilterChain.doFilter(ApplicationFilterChain.java:210)
org.apache.myfaces.webapp.filter.ExtensionsFilter.doFilter(ExtensionsFilter.java:147)
org.apache.catalina.core.ApplicationFilterChain.internalDoFilter(ApplicationFilterChain.java:243)
org.apache.catalina.core.ApplicationFilterChain.doFilter(ApplicationFilterChain.java:210)
filters.LocalPathToCDNPathFilter.doFilter(LocalPathToCDNPathFilter.java:39)
org.apache.catalina.core.ApplicationFilterChain.internalDoFilter(ApplicationFilterChain.java:243)
org.apache.catalina.core.ApplicationFilterChain.doFilter(ApplicationFilterChain.java:210)
filters.JsfRedirectionFilter.doFilter(JsfRedirectionFilter.java:41)
org.apache.catalina.core.ApplicationFilterChain.internalDoFilter(ApplicationFilterChain.java:243)
org.apache.catalina.core.ApplicationFilterChain.doFilter(ApplicationFilterChain.java:210)
org.apache.catalina.core.StandardWrapperValve.invoke(StandardWrapperValve.java:222)
org.apache.catalina.core.StandardContextValve.invoke(StandardContextValve.java:123)
org.apache.catalina.authenticator.AuthenticatorBase.invoke(AuthenticatorBase.java:472)
org.apache.catalina.core.StandardHostValve.invoke(StandardHostValve.java:168)
org.apache.catalina.valves.ErrorReportValve.invoke(ErrorReportValve.java:99)
org.apache.catalina.valves.AccessLogValve.invoke(AccessLogValve.java:929)
org.apache.catalina.core.StandardEngineValve.invoke(StandardEngineValve.java:118)
org.apache.catalina.connector.CoyoteAdapter.service(CoyoteAdapter.java:407)
org.apache.coyote.http11.AbstractHttp11Processor.process(AbstractHttp11Processor.java:1002)
org.apache.coyote.AbstractProtocol$AbstractConnectionHandler.process(AbstractProtocol.java:585)
org.apache.tomcat.util.net.JIoEndpoint$SocketProcessor.run(JIoEndpoint.java:312)
java.util.concurrent.ThreadPoolExecutor$Worker.runTask(ThreadPoolExecutor.java:885)
java.util.concurrent.ThreadPoolExecutor$Worker.run(ThreadPoolExecutor.java:907)
java.lang.Thread.run(Thread.java:619)
===================================================================================

 ==2013-03-27 06:37:24 ===the properties file charitra_settings.properties does not exists pls specify the file in C:\Users\I074560Warning Level: ==Crtical===
===================================================================================
**==Settings File Not found  == Exception Level===  CRITICAL===Date: 2013-03-27 06:37:24=== Message: == C:\Users\I074560\charitra_settings.properties (The system cannot find the file specified)===
** Stacktrace: 
java.io.FileInputStream.open(Native Method)
java.io.FileInputStream.<init>(FileInputStream.java:106)
java.io.FileInputStream.<init>(FileInputStream.java:66)
charitra.Settings.loadSettingsFromFile(Settings.java:87)
charitra.Settings.populateProperties(Settings.java:140)
charitra.Settings.getCDN_HOST(Settings.java:223)
filters.LocalPathToCDNPathFilter.init(LocalPathToCDNPathFilter.java:62)
org.apache.catalina.core.ApplicationFilterConfig.initFilter(ApplicationFilterConfig.java:277)
org.apache.catalina.core.ApplicationFilterConfig.getFilter(ApplicationFilterConfig.java:258)
org.apache.catalina.core.ApplicationFilterConfig.setFilterDef(ApplicationFilterConfig.java:382)
org.apache.catalina.core.ApplicationFilterConfig.<init>(ApplicationFilterConfig.java:103)
org.apache.catalina.core.StandardContext.filterStart(StandardContext.java:4650)
org.apache.catalina.core.StandardContext.startInternal(StandardContext.java:5306)
org.apache.catalina.util.LifecycleBase.start(LifecycleBase.java:150)
org.apache.catalina.core.ContainerBase.addChildInternal(ContainerBase.java:901)
org.apache.catalina.core.ContainerBase.addChild(ContainerBase.java:877)
org.apache.catalina.core.StandardHost.addChild(StandardHost.java:618)
org.apache.catalina.startup.HostConfig.deployWAR(HostConfig.java:963)
org.apache.catalina.startup.HostConfig$DeployWar.run(HostConfig.java:1600)
java.util.concurrent.Executors$RunnableAdapter.call(Executors.java:441)
java.util.concurrent.FutureTask$Sync.innerRun(FutureTask.java:303)
java.util.concurrent.FutureTask.run(FutureTask.java:138)
java.util.concurrent.ThreadPoolExecutor$Worker.runTask(ThreadPoolExecutor.java:885)
java.util.concurrent.ThreadPoolExecutor$Worker.run(ThreadPoolExecutor.java:907)
java.lang.Thread.run(Thread.java:619)
===================================================================================

 ==2013-03-27 06:37:24 ===Reloading settings on 1364346444022Warning Level: ==INFORMATION===

 ==2013-03-27 12:17:25 ===the properties file charitra_settings.properties does not exists pls specify the file in C:\Users\I074560Warning Level: ==Crtical===
===================================================================================
**==Settings File Not found  == Exception Level===  CRITICAL===Date: 2013-03-27 12:17:25=== Message: == C:\Users\I074560\charitra_settings.properties (The system cannot find the file specified)===
** Stacktrace: 
java.io.FileInputStream.open(Native Method)
java.io.FileInputStream.<init>(FileInputStream.java:106)
java.io.FileInputStream.<init>(FileInputStream.java:66)
charitra.Settings.loadSettingsFromFile(Settings.java:87)
charitra.Settings.populateProperties(Settings.java:140)
charitra.Settings.getCDN_HOST(Settings.java:223)
filters.LocalPathToCDNPathFilter.init(LocalPathToCDNPathFilter.java:62)
org.apache.catalina.core.ApplicationFilterConfig.initFilter(ApplicationFilterConfig.java:277)
org.apache.catalina.core.ApplicationFilterConfig.getFilter(ApplicationFilterConfig.java:258)
org.apache.catalina.core.ApplicationFilterConfig.setFilterDef(ApplicationFilterConfig.java:382)
org.apache.catalina.core.ApplicationFilterConfig.<init>(ApplicationFilterConfig.java:103)
org.apache.catalina.core.StandardContext.filterStart(StandardContext.java:4650)
org.apache.catalina.core.StandardContext.startInternal(StandardContext.java:5306)
org.apache.catalina.util.LifecycleBase.start(LifecycleBase.java:150)
org.apache.catalina.core.ContainerBase.addChildInternal(ContainerBase.java:901)
org.apache.catalina.core.ContainerBase.addChild(ContainerBase.java:877)
org.apache.catalina.core.StandardHost.addChild(StandardHost.java:618)
org.apache.catalina.startup.HostConfig.deployWAR(HostConfig.java:963)
org.apache.catalina.startup.HostConfig$DeployWar.run(HostConfig.java:1600)
java.util.concurrent.Executors$RunnableAdapter.call(Executors.java:441)
java.util.concurrent.FutureTask$Sync.innerRun(FutureTask.java:303)
java.util.concurrent.FutureTask.run(FutureTask.java:138)
java.util.concurrent.ThreadPoolExecutor$Worker.runTask(ThreadPoolExecutor.java:885)
java.util.concurrent.ThreadPoolExecutor$Worker.run(ThreadPoolExecutor.java:907)
java.lang.Thread.run(Thread.java:619)
===================================================================================

 ==2013-03-27 12:17:25 ===Reloading settings on 1364366845248Warning Level: ==INFORMATION===
